Log file open, 10/08/22 15:53:18
LogWindows: Failed to load 'aqProf.dll' (GetLastError=126)
LogWindows: File 'aqProf.dll' does not exist
LogWindows: Failed to load 'VtuneApi.dll' (GetLastError=126)
LogWindows: File 'VtuneApi.dll' does not exist
LogWindows: Failed to load 'VtuneApi32e.dll' (GetLastError=126)
LogWindows: File 'VtuneApi32e.dll' does not exist
LogConsoleResponse: Display: Failed to find resolution value strings in scalability ini. Falling back to default.
LogConsoleResponse: Display: Failed to find resolution value strings in scalability ini. Falling back to default.
LogInit: Display: Running engine for game: MP2
LogPlatformFile: Not using cached read wrapper
LogTaskGraph: Started task graph with 5 named threads and 35 total threads with 3 sets of task threads.
LogStats: Stats thread started at 0.378697
LogICUInternationalization: ICU TimeZone Detection - Raw Offset: -6:00, Platform Override: ''
LogInit: Display: Loading text-based GConfig....
LogPluginManager: Mounting plugin MeshPainting
LogPluginManager: Mounting plugin XGEController
LogPluginManager: Mounting plugin AISupport
LogPluginManager: Mounting plugin Paper2D
LogPluginManager: Mounting plugin EnvironmentQueryEditor
LogPluginManager: Mounting plugin LiveLink
LogPluginManager: Mounting plugin CameraShakePreviewer
LogPluginManager: Mounting plugin LightPropagationVolume
LogPluginManager: Mounting plugin GameplayCameras
LogPluginManager: Mounting plugin AssetManagerEditor
LogPluginManager: Mounting plugin CryptoKeys
LogPluginManager: Mounting plugin CurveEditorTools
LogPluginManager: Mounting plugin FacialAnimation
LogPluginManager: Mounting plugin GameplayTagsEditor
LogPluginManager: Mounting plugin OodleData
LogPluginManager: Mounting plugin GeometryMode
LogPluginManager: Mounting plugin MacGraphicsSwitching
LogPluginManager: Mounting plugin MaterialAnalyzer
LogPluginManager: Mounting plugin MobileLauncherProfileWizard
LogPluginManager: Mounting plugin PluginBrowser
LogPluginManager: Mounting plugin SpeedTreeImporter
LogPluginManager: Mounting plugin OodleNetwork
LogPluginManager: Mounting plugin DatasmithContent
LogPluginManager: Mounting plugin VariantManagerContent
LogPluginManager: Mounting plugin Niagara
LogPluginManager: Mounting plugin DataValidation
LogPluginManager: Mounting plugin AlembicImporter
LogPluginManager: Mounting plugin AutomationUtils
LogPluginManager: Mounting plugin BackChannel
LogPluginManager: Mounting plugin ChaosClothEditor
LogPluginManager: Mounting plugin ChaosCloth
LogPluginManager: Mounting plugin ChaosEditor
LogPluginManager: Mounting plugin ChaosNiagara
LogPluginManager: Mounting plugin ChaosSolverPlugin
LogPluginManager: Mounting plugin CharacterAI
LogPluginManager: Mounting plugin GeometryCollectionPlugin
LogPluginManager: Mounting plugin GeometryCache
LogPluginManager: Mounting plugin GeometryProcessing
LogPluginManager: Mounting plugin MotoSynth
LogPluginManager: Mounting plugin OpenImageDenoise
LogPluginManager: Mounting plugin PlatformCrypto
LogPluginManager: Mounting plugin ProxyLODPlugin
LogPluginManager: Mounting plugin PythonScriptPlugin
LogPluginManager: Mounting plugin SkeletalReduction
LogPluginManager: Mounting plugin PlanarCut
LogPluginManager: Mounting plugin LuminPlatformFeatures
LogPluginManager: Mounting plugin MagicLeap
LogPluginManager: Mounting plugin MagicLeapLightEstimation
LogPluginManager: Mounting plugin MagicLeapMedia
LogPluginManager: Mounting plugin MagicLeapPassableWorld
LogPluginManager: Mounting plugin MLSDK
LogPluginManager: Mounting plugin AndroidMedia
LogPluginManager: Mounting plugin AvfMedia
LogPluginManager: Mounting plugin ImgMedia
LogPluginManager: Mounting plugin MediaCompositing
LogPluginManager: Mounting plugin MediaPlayerEditor
LogPluginManager: Mounting plugin WebMMedia
LogPluginManager: Mounting plugin ActorSequence
LogPluginManager: Mounting plugin WmfMedia
LogPluginManager: Mounting plugin LevelSequenceEditor
LogPluginManager: Mounting plugin MatineeToLevelSequence
LogPluginManager: Mounting plugin TcpMessaging
LogPluginManager: Mounting plugin UdpMessaging
LogPluginManager: Mounting plugin TemplateSequence
LogPluginManager: Mounting plugin LauncherChunkInstaller
LogPluginManager: Mounting plugin OnlineSubsystem
LogPluginManager: Mounting plugin OnlineSubsystemNull
LogPluginManager: Mounting plugin OnlineSubsystemUtils
LogPluginManager: Mounting plugin ActorLayerUtilities
LogPluginManager: Mounting plugin AndroidDeviceProfileSelector
LogPluginManager: Mounting plugin AndroidMoviePlayer
LogPluginManager: Mounting plugin AndroidPermission
LogPluginManager: Mounting plugin AppleMoviePlayer
LogPluginManager: Mounting plugin AppleImageUtils
LogPluginManager: Mounting plugin ArchVisCharacter
LogPluginManager: Mounting plugin AssetTags
LogPluginManager: Mounting plugin AudioCapture
LogPluginManager: Mounting plugin AudioSynesthesia
LogPluginManager: Mounting plugin CableComponent
LogPluginManager: Mounting plugin ChunkDownloader
LogPluginManager: Mounting plugin CustomMeshComponent
LogPluginManager: Mounting plugin ExampleDeviceProfileSelector
LogPluginManager: Mounting plugin GoogleCloudMessaging
LogPluginManager: Mounting plugin GooglePAD
LogPluginManager: Mounting plugin IOSDeviceProfileSelector
LogPluginManager: Mounting plugin LinuxDeviceProfileSelector
LogPluginManager: Mounting plugin EditableMesh
LogPluginManager: Mounting plugin MobilePatchingUtils
LogPluginManager: Mounting plugin LocationServicesBPLibrary
LogPluginManager: Mounting plugin OpenXR
LogPluginManager: Mounting plugin OpenXREyeTracker
LogPluginManager: Mounting plugin OpenXRHandTracking
LogPluginManager: Mounting plugin ScreenshotTools
LogPluginManager: Mounting plugin PhysXVehicles
LogPluginManager: Mounting plugin PostSplashScreen
LogPluginManager: Mounting plugin ProceduralMeshComponent
LogPluginManager: Mounting plugin PropertyAccessEditor
LogPluginManager: Mounting plugin RuntimePhysXCooking
LogPluginManager: Mounting plugin SignificanceManager
LogPluginManager: Mounting plugin SoundFields
LogPluginManager: Mounting plugin WebMMoviePlayer
LogPluginManager: Mounting plugin Synthesis
LogPluginManager: Mounting plugin WindowsMoviePlayer
LogPluginManager: Mounting plugin Takes
LogPluginManager: Mounting plugin CLionSourceCodeAccess
LogPluginManager: Mounting plugin CodeLiteSourceCodeAccess
LogPluginManager: Mounting plugin GitSourceControl
LogPluginManager: Mounting plugin KDevelopSourceCodeAccess
LogPluginManager: Mounting plugin NullSourceCodeAccess
LogPluginManager: Mounting plugin PixWinPlugin
LogPluginManager: Mounting plugin PerforceSourceControl
LogPluginManager: Mounting plugin PluginUtils
LogPluginManager: Mounting plugin PlasticSourceControl
LogPluginManager: Mounting plugin PropertyAccessNode
LogPluginManager: Mounting plugin RiderSourceCodeAccess
LogPluginManager: Mounting plugin SubversionSourceControl
LogPluginManager: Mounting plugin TextureFormatOodle
LogPluginManager: Mounting plugin AnimationSharing
LogPluginManager: Mounting plugin VisualStudioCodeSourceCodeAccess
LogPluginManager: Mounting plugin UObjectPlugin
LogPluginManager: Mounting plugin VisualStudioSourceCodeAccess
LogPluginManager: Mounting plugin XCodeSourceCodeAccess
LogPluginManager: Mounting plugin ContentBrowserAssetDataSource
LogPluginManager: Mounting plugin ContentBrowserFileDataSource
LogPluginManager: Mounting plugin ContentBrowserClassDataSource
LogPluginManager: Mounting plugin OnlineSubsystemGooglePlay
LogPluginManager: Mounting plugin OnlineSubsystemIOS
LogPluginManager: Mounting plugin OculusVR
LogPluginManager: Mounting plugin SteamVR
LogInit: Using libcurl 7.55.1-DEV
LogInit:  - built for x86_64-pc-win32
LogInit:  - supports SSL with OpenSSL/1.1.1
LogInit:  - supports HTTP deflate (compression) using libz 1.2.8
LogInit:  - other features:
LogInit:      CURL_VERSION_SSL
LogInit:      CURL_VERSION_LIBZ
LogInit:      CURL_VERSION_IPV6
LogInit:      CURL_VERSION_ASYNCHDNS
LogInit:      CURL_VERSION_LARGEFILE
LogInit:      CURL_VERSION_IDN
LogInit:  CurlRequestOptions (configurable via config and command line):
LogInit:  - bVerifyPeer = true  - Libcurl will verify peer certificate
LogInit:  - bUseHttpProxy = false  - Libcurl will NOT use HTTP proxy
LogInit:  - bDontReuseConnections = false  - Libcurl will reuse connections
LogInit:  - MaxHostConnections = 16  - Libcurl will limit the number of connections to a host
LogInit:  - LocalHostAddr = Default
LogInit:  - BufferSize = 65536
LogOnline: OSS: Creating online subsystem instance for: NULL
LogInit: WinSock: version 1.1 (2.2), MaxSocks=32767, MaxUdp=65467
LogOnline: OSS: TryLoadSubsystemAndSetDefault: Loaded subsystem for module [NULL]
PixWinPlugin: PIX capture plugin failed to initialize! Check that the process is launched from PIX.
LogOculusPluginWrapper: OculusPlugin initialized successfully
LogHMD: Failed initializing OVRPlugin 1.59.0
LogInit: Build: ++UE4+Release-4.27-CL-18319896
LogInit: Engine Version: 4.27.2-18319896+++UE4+Release-4.27
LogInit: Compatible Engine Version: 4.27.0-17155196+++UE4+Release-4.27
LogInit: Net CL: 17155196
LogInit: OS: Windows 10 (Release 2009) (), CPU: Intel(R) Core(TM) i7-10750H CPU @ 2.60GHz, GPU: Intel(R) UHD Graphics
LogInit: Compiled (64-bit): Nov 30 2021 07:12:08
LogInit: Compiled with Visual C++: 19.24.28315.00
LogInit: Build Configuration: Development
LogInit: Branch Name: ++UE4+Release-4.27
LogInit: Command Line:  /Game/LevelDesign/Maps/Level1 -game -PIEVIACONSOLE -Multiprocess "GameUserSettingsINI=C:/Users/jschw/Desktop/SchoolDocuments/CS 415/MP2/Saved/Config/Windows/PIEGameUserSettings0.ini" -MultiprocessSaveConfig -forcepassthrough -messaging -SessionName="Play in Standalone Game" -windowed -ResX=1280 -ResY=720
LogInit: Base Directory: C:/Program Files/Epic Games/UE_4.27/Engine/Binaries/Win64/
LogInit: Allocator: TBB
LogInit: Installed Engine Build: 1
LogDevObjectVersion: Number of dev versions registered: 29
LogDevObjectVersion:   Dev-Blueprints (B0D832E4-1F89-4F0D-ACCF-7EB736FD4AA2): 10
LogDevObjectVersion:   Dev-Build (E1C64328-A22C-4D53-A36C-8E866417BD8C): 0
LogDevObjectVersion:   Dev-Core (375EC13C-06E4-48FB-B500-84F0262A717E): 4
LogDevObjectVersion:   Dev-Editor (E4B068ED-F494-42E9-A231-DA0B2E46BB41): 40
LogDevObjectVersion:   Dev-Framework (CFFC743F-43B0-4480-9391-14DF171D2073): 37
LogDevObjectVersion:   Dev-Mobile (B02B49B5-BB20-44E9-A304-32B752E40360): 3
LogDevObjectVersion:   Dev-Networking (A4E4105C-59A1-49B5-A7C5-40C4547EDFEE): 0
LogDevObjectVersion:   Dev-Online (39C831C9-5AE6-47DC-9A44-9C173E1C8E7C): 0
LogDevObjectVersion:   Dev-Physics (78F01B33-EBEA-4F98-B9B4-84EACCB95AA2): 14
LogDevObjectVersion:   Dev-Platform (6631380F-2D4D-43E0-8009-CF276956A95A): 0
LogDevObjectVersion:   Dev-Rendering (12F88B9F-8875-4AFC-A67C-D90C383ABD29): 45
LogDevObjectVersion:   Dev-Sequencer (7B5AE74C-D270-4C10-A958-57980B212A5A): 13
LogDevObjectVersion:   Dev-VR (D7296918-1DD6-4BDD-9DE2-64A83CC13884): 3
LogDevObjectVersion:   Dev-LoadTimes (C2A15278-BFE7-4AFE-6C17-90FF531DF755): 1
LogDevObjectVersion:   Private-Geometry (6EACA3D4-40EC-4CC1-B786-8BED09428FC5): 3
LogDevObjectVersion:   Dev-AnimPhys (29E575DD-E0A3-4627-9D10-D276232CDCEA): 17
LogDevObjectVersion:   Dev-Anim (AF43A65D-7FD3-4947-9873-3E8ED9C1BB05): 15
LogDevObjectVersion:   Dev-ReflectionCapture (6B266CEC-1EC7-4B8F-A30B-E4D90942FC07): 1
LogDevObjectVersion:   Dev-Automation (0DF73D61-A23F-47EA-B727-89E90C41499A): 1
LogDevObjectVersion:   FortniteMain (601D1886-AC64-4F84-AA16-D3DE0DEAC7D6): 47
LogDevObjectVersion:   FortniteRelease (E7086368-6B23-4C58-8439-1B7016265E91): 1
LogDevObjectVersion:   Dev-Enterprise (9DFFBCD6-494F-0158-E221-12823C92A888): 10
LogDevObjectVersion:   Dev-Niagara (F2AED0AC-9AFE-416F-8664-AA7FFA26D6FC): 1
LogDevObjectVersion:   Dev-Destruction (174F1F0B-B4C6-45A5-B13F-2EE8D0FB917D): 10
LogDevObjectVersion:   Dev-Physics-Ext (35F94A83-E258-406C-A318-09F59610247C): 41
LogDevObjectVersion:   Dev-PhysicsMaterial-Chaos (B68FC16E-8B1B-42E2-B453-215C058844FE): 1
LogDevObjectVersion:   Dev-CineCamera (B2E18506-4273-CFC2-A54E-F4BB758BBA07): 1
LogDevObjectVersion:   Dev-VirtualProduction (64F58936-FD1B-42BA-BA96-7289D5D0FA4E): 1
LogDevObjectVersion:   Dev-MediaFramework (6F0ED827-A609-4895-9C91-998D90180EA4): 2
LogInit: Presizing for max 25165824 objects, including 0 objects not considered by GC, pre-allocating 0 bytes for permanent pool.
LogConfig: Applying CVar settings from Section [/Script/Engine.StreamingSettings] File [C:/Users/jschw/Desktop/SchoolDocuments/CS 415/MP2/Saved/Config/Windows/Engine.ini]
LogConfig: Setting CVar [[s.MinBulkDataSizeForAsyncLoading:131072]]
LogConfig: Setting CVar [[s.AsyncLoadingThreadEnabled:0]]
LogConfig: Setting CVar [[s.EventDrivenLoaderEnabled:1]]
LogConfig: Setting CVar [[s.WarnIfTimeLimitExceeded:0]]
LogConfig: Setting CVar [[s.TimeLimitExceededMultiplier:1.5]]
LogConfig: Setting CVar [[s.TimeLimitExceededMinTime:0.005]]
LogConfig: Setting CVar [[s.UseBackgroundLevelStreaming:1]]
LogConfig: Setting CVar [[s.PriorityAsyncLoadingExtraTime:15.0]]
LogConfig: Setting CVar [[s.LevelStreamingActorsUpdateTimeLimit:5.0]]
LogConfig: Setting CVar [[s.PriorityLevelStreamingActorsUpdateExtraTime:5.0]]
LogConfig: Setting CVar [[s.LevelStreamingComponentsRegistrationGranularity:10]]
LogConfig: Setting CVar [[s.UnregisterComponentsTimeLimit:1.0]]
LogConfig: Setting CVar [[s.LevelStreamingComponentsUnregistrationGranularity:5]]
LogConfig: Setting CVar [[s.FlushStreamingOnExit:1]]
LogInit: Object subsystem initialized
LogConfig: Setting CVar [[con.DebugEarlyDefault:1]]
LogConfig: Setting CVar [[r.setres:1280x720]]
[2022.10.08-20.53.19:056][  0]LogConfig: Setting CVar [[con.DebugEarlyDefault:1]]
[2022.10.08-20.53.19:056][  0]LogConfig: Setting CVar [[r.setres:1280x720]]
[2022.10.08-20.53.19:056][  0]LogConfig: Applying CVar settings from Section [/Script/Engine.RendererSettings] File [C:/Users/jschw/Desktop/SchoolDocuments/CS 415/MP2/Saved/Config/Windows/Engine.ini]
[2022.10.08-20.53.19:056][  0]LogConfig: Setting CVar [[r.GPUCrashDebugging:0]]
[2022.10.08-20.53.19:056][  0]LogConfig: Setting CVar [[r.MobileMSAA:4]]
[2022.10.08-20.53.19:056][  0]LogConfig: Setting CVar [[r.Mobile.AmbientOcclusion:1]]
[2022.10.08-20.53.19:056][  0]LogConfig: Setting CVar [[r.GenerateMeshDistanceFields:1]]
[2022.10.08-20.53.19:056][  0]LogConfig: Setting CVar [[r.SSGI.Enable:1]]
[2022.10.08-20.53.19:056][  0]LogConfig: Setting CVar [[r.SupportAtmosphericFog:0]]
[2022.10.08-20.53.19:056][  0]LogConfig: Setting CVar [[r.SupportSkyAtmosphereAffectsHeightFog:1]]
[2022.10.08-20.53.19:056][  0]LogConfig: Setting CVar [[r.Mobile.DisableVertexFog:0]]
[2022.10.08-20.53.19:056][  0]LogConfig: Setting CVar [[r.SupportStationarySkylight:0]]
[2022.10.08-20.53.19:057][  0]LogConfig: Setting CVar [[r.SupportLowQualityLightmaps:0]]
[2022.10.08-20.53.19:057][  0]LogConfig: Applying CVar settings from Section [/Script/Engine.RendererOverrideSettings] File [C:/Users/jschw/Desktop/SchoolDocuments/CS 415/MP2/Saved/Config/Windows/Engine.ini]
[2022.10.08-20.53.19:057][  0]LogConfig: Applying CVar settings from Section [/Script/Engine.StreamingSettings] File [C:/Users/jschw/Desktop/SchoolDocuments/CS 415/MP2/Saved/Config/Windows/Engine.ini]
[2022.10.08-20.53.19:057][  0]LogConfig: Setting CVar [[s.MinBulkDataSizeForAsyncLoading:131072]]
[2022.10.08-20.53.19:057][  0]LogConfig: Setting CVar [[s.AsyncLoadingThreadEnabled:0]]
[2022.10.08-20.53.19:057][  0]LogConfig: Setting CVar [[s.EventDrivenLoaderEnabled:1]]
[2022.10.08-20.53.19:057][  0]LogConfig: Setting CVar [[s.WarnIfTimeLimitExceeded:0]]
[2022.10.08-20.53.19:057][  0]LogConfig: Setting CVar [[s.TimeLimitExceededMultiplier:1.5]]
[2022.10.08-20.53.19:057][  0]LogConfig: Setting CVar [[s.TimeLimitExceededMinTime:0.005]]
[2022.10.08-20.53.19:057][  0]LogConfig: Setting CVar [[s.UseBackgroundLevelStreaming:1]]
[2022.10.08-20.53.19:057][  0]LogConfig: Setting CVar [[s.PriorityAsyncLoadingExtraTime:15.0]]
[2022.10.08-20.53.19:057][  0]LogConfig: Setting CVar [[s.LevelStreamingActorsUpdateTimeLimit:5.0]]
[2022.10.08-20.53.19:057][  0]LogConfig: Setting CVar [[s.PriorityLevelStreamingActorsUpdateExtraTime:5.0]]
[2022.10.08-20.53.19:057][  0]LogConfig: Setting CVar [[s.LevelStreamingComponentsRegistrationGranularity:10]]
[2022.10.08-20.53.19:057][  0]LogConfig: Setting CVar [[s.UnregisterComponentsTimeLimit:1.0]]
[2022.10.08-20.53.19:057][  0]LogConfig: Setting CVar [[s.LevelStreamingComponentsUnregistrationGranularity:5]]
[2022.10.08-20.53.19:057][  0]LogConfig: Setting CVar [[s.FlushStreamingOnExit:1]]
[2022.10.08-20.53.19:057][  0]LogConfig: Applying CVar settings from Section [/Script/Engine.GarbageCollectionSettings] File [C:/Users/jschw/Desktop/SchoolDocuments/CS 415/MP2/Saved/Config/Windows/Engine.ini]
[2022.10.08-20.53.19:057][  0]LogConfig: Setting CVar [[gc.MaxObjectsNotConsideredByGC:1]]
[2022.10.08-20.53.19:057][  0]LogConfig: Setting CVar [[gc.SizeOfPermanentObjectPool:0]]
[2022.10.08-20.53.19:057][  0]LogConfig: Setting CVar [[gc.FlushStreamingOnGC:0]]
[2022.10.08-20.53.19:057][  0]LogConfig: Setting CVar [[gc.NumRetriesBeforeForcingGC:10]]
[2022.10.08-20.53.19:057][  0]LogConfig: Setting CVar [[gc.AllowParallelGC:1]]
[2022.10.08-20.53.19:057][  0]LogConfig: Setting CVar [[gc.TimeBetweenPurgingPendingKillObjects:61.1]]
[2022.10.08-20.53.19:057][  0]LogConfig: Setting CVar [[gc.MaxObjectsInEditor:25165824]]
[2022.10.08-20.53.19:057][  0]LogConfig: Setting CVar [[gc.IncrementalBeginDestroyEnabled:1]]
[2022.10.08-20.53.19:057][  0]LogConfig: Setting CVar [[gc.CreateGCClusters:1]]
[2022.10.08-20.53.19:057][  0]LogConfig: Setting CVar [[gc.MinGCClusterSize:5]]
[2022.10.08-20.53.19:057][  0]LogConfig: Setting CVar [[gc.ActorClusteringEnabled:0]]
[2022.10.08-20.53.19:057][  0]LogConfig: Setting CVar [[gc.BlueprintClusteringEnabled:0]]
[2022.10.08-20.53.19:057][  0]LogConfig: Setting CVar [[gc.UseDisregardForGCOnDedicatedServers:0]]
[2022.10.08-20.53.19:057][  0]LogConfig: Setting CVar [[gc.MultithreadedDestructionEnabled:1]]
[2022.10.08-20.53.19:057][  0]LogConfig: Applying CVar settings from Section [/Script/Engine.NetworkSettings] File [C:/Users/jschw/Desktop/SchoolDocuments/CS 415/MP2/Saved/Config/Windows/Engine.ini]
[2022.10.08-20.53.19:057][  0]LogConfig: Applying CVar settings from Section [/Script/UnrealEd.CookerSettings] File [C:/Users/jschw/Desktop/SchoolDocuments/CS 415/MP2/Saved/Config/Windows/Engine.ini]
[2022.10.08-20.53.19:072][  0]LogConfig: Applying CVar settings from Section [ViewDistanceQuality@3] File [C:/Users/jschw/Desktop/SchoolDocuments/CS 415/MP2/Saved/Config/Windows/Scalability.ini]
[2022.10.08-20.53.19:072][  0]LogConfig: Setting CVar [[r.SkeletalMeshLODBias:0]]
[2022.10.08-20.53.19:072][  0]LogConfig: Setting CVar [[r.ViewDistanceScale:1.0]]
[2022.10.08-20.53.19:072][  0]LogConfig: Applying CVar settings from Section [AntiAliasingQuality@3] File [C:/Users/jschw/Desktop/SchoolDocuments/CS 415/MP2/Saved/Config/Windows/Scalability.ini]
[2022.10.08-20.53.19:072][  0]LogConfig: Setting CVar [[r.PostProcessAAQuality:4]]
[2022.10.08-20.53.19:072][  0]LogConfig: Applying CVar settings from Section [ShadowQuality@3] File [C:/Users/jschw/Desktop/SchoolDocuments/CS 415/MP2/Saved/Config/Windows/Scalability.ini]
[2022.10.08-20.53.19:072][  0]LogConfig: Setting CVar [[r.LightFunctionQuality:1]]
[2022.10.08-20.53.19:072][  0]LogConfig: Setting CVar [[r.ShadowQuality:5]]
[2022.10.08-20.53.19:072][  0]LogConfig: Setting CVar [[r.Shadow.CSM.MaxCascades:10]]
[2022.10.08-20.53.19:072][  0]LogConfig: Setting CVar [[r.Shadow.MaxResolution:2048]]
[2022.10.08-20.53.19:072][  0]LogConfig: Setting CVar [[r.Shadow.MaxCSMResolution:2048]]
[2022.10.08-20.53.19:072][  0]LogConfig: Setting CVar [[r.Shadow.RadiusThreshold:0.01]]
[2022.10.08-20.53.19:072][  0]LogConfig: Setting CVar [[r.Shadow.DistanceScale:1.0]]
[2022.10.08-20.53.19:072][  0]LogConfig: Setting CVar [[r.Shadow.CSM.TransitionScale:1.0]]
[2022.10.08-20.53.19:073][  0]LogConfig: Setting CVar [[r.Shadow.PreShadowResolutionFactor:1.0]]
[2022.10.08-20.53.19:073][  0]LogConfig: Setting CVar [[r.DistanceFieldShadowing:1]]
[2022.10.08-20.53.19:073][  0]LogConfig: Setting CVar [[r.DistanceFieldAO:1]]
[2022.10.08-20.53.19:073][  0]LogConfig: Setting CVar [[r.AOQuality:2]]
[2022.10.08-20.53.19:073][  0]LogConfig: Setting CVar [[r.VolumetricFog:1]]
[2022.10.08-20.53.19:073][  0]LogConfig: Setting CVar [[r.VolumetricFog.GridPixelSize:8]]
[2022.10.08-20.53.19:073][  0]LogConfig: Setting CVar [[r.VolumetricFog.GridSizeZ:128]]
[2022.10.08-20.53.19:073][  0]LogConfig: Setting CVar [[r.VolumetricFog.HistoryMissSupersampleCount:4]]
[2022.10.08-20.53.19:073][  0]LogConfig: Setting CVar [[r.LightMaxDrawDistanceScale:1]]
[2022.10.08-20.53.19:073][  0]LogConfig: Setting CVar [[r.CapsuleShadows:1]]
[2022.10.08-20.53.19:073][  0]LogConfig: Applying CVar settings from Section [PostProcessQuality@3] File [C:/Users/jschw/Desktop/SchoolDocuments/CS 415/MP2/Saved/Config/Windows/Scalability.ini]
[2022.10.08-20.53.19:073][  0]LogConfig: Setting CVar [[r.MotionBlurQuality:4]]
[2022.10.08-20.53.19:073][  0]LogConfig: Setting CVar [[r.AmbientOcclusionMipLevelFactor:0.4]]
[2022.10.08-20.53.19:073][  0]LogConfig: Setting CVar [[r.AmbientOcclusionMaxQuality:100]]
[2022.10.08-20.53.19:073][  0]LogConfig: Setting CVar [[r.AmbientOcclusionLevels:-1]]
[2022.10.08-20.53.19:073][  0]LogConfig: Setting CVar [[r.AmbientOcclusionRadiusScale:1.0]]
[2022.10.08-20.53.19:073][  0]LogConfig: Setting CVar [[r.DepthOfFieldQuality:2]]
[2022.10.08-20.53.19:073][  0]LogConfig: Setting CVar [[r.RenderTargetPoolMin:400]]
[2022.10.08-20.53.19:073][  0]LogConfig: Setting CVar [[r.LensFlareQuality:2]]
[2022.10.08-20.53.19:073][  0]LogConfig: Setting CVar [[r.SceneColorFringeQuality:1]]
[2022.10.08-20.53.19:073][  0]LogConfig: Setting CVar [[r.EyeAdaptationQuality:2]]
[2022.10.08-20.53.19:073][  0]LogConfig: Setting CVar [[r.BloomQuality:5]]
[2022.10.08-20.53.19:073][  0]LogConfig: Setting CVar [[r.FastBlurThreshold:100]]
[2022.10.08-20.53.19:073][  0]LogConfig: Setting CVar [[r.Upscale.Quality:3]]
[2022.10.08-20.53.19:073][  0]LogConfig: Setting CVar [[r.Tonemapper.GrainQuantization:1]]
[2022.10.08-20.53.19:073][  0]LogConfig: Setting CVar [[r.LightShaftQuality:1]]
[2022.10.08-20.53.19:073][  0]LogConfig: Setting CVar [[r.Filter.SizeScale:1]]
[2022.10.08-20.53.19:073][  0]LogConfig: Setting CVar [[r.Tonemapper.Quality:5]]
[2022.10.08-20.53.19:073][  0]LogConfig: Setting CVar [[r.DOF.Gather.AccumulatorQuality:1        ; higher gathering accumulator quality]]
[2022.10.08-20.53.19:073][  0]LogConfig: Setting CVar [[r.DOF.Gather.PostfilterMethod:1          ; Median3x3 postfilering method]]
[2022.10.08-20.53.19:073][  0]LogConfig: Setting CVar [[r.DOF.Gather.EnableBokehSettings:0       ; no bokeh simulation when gathering]]
[2022.10.08-20.53.19:073][  0]LogConfig: Setting CVar [[r.DOF.Gather.RingCount:4                 ; medium number of samples when gathering]]
[2022.10.08-20.53.19:073][  0]LogConfig: Setting CVar [[r.DOF.Scatter.ForegroundCompositing:1    ; additive foreground scattering]]
[2022.10.08-20.53.19:073][  0]LogConfig: Setting CVar [[r.DOF.Scatter.BackgroundCompositing:2    ; additive background scattering]]
[2022.10.08-20.53.19:073][  0]LogConfig: Setting CVar [[r.DOF.Scatter.EnableBokehSettings:1      ; bokeh simulation when scattering]]
[2022.10.08-20.53.19:073][  0]LogConfig: Setting CVar [[r.DOF.Scatter.MaxSpriteRatio:0.1         ; only a maximum of 10% of scattered bokeh]]
[2022.10.08-20.53.19:073][  0]LogConfig: Setting CVar [[r.DOF.Recombine.Quality:1                ; cheap slight out of focus]]
[2022.10.08-20.53.19:073][  0]LogConfig: Setting CVar [[r.DOF.Recombine.EnableBokehSettings:0    ; no bokeh simulation on slight out of focus]]
[2022.10.08-20.53.19:073][  0]LogConfig: Setting CVar [[r.DOF.TemporalAAQuality:1                ; more stable temporal accumulation]]
[2022.10.08-20.53.19:073][  0]LogConfig: Setting CVar [[r.DOF.Kernel.MaxForegroundRadius:0.025]]
[2022.10.08-20.53.19:073][  0]LogConfig: Setting CVar [[r.DOF.Kernel.MaxBackgroundRadius:0.025]]
[2022.10.08-20.53.19:073][  0]LogConfig: Applying CVar settings from Section [TextureQuality@3] File [C:/Users/jschw/Desktop/SchoolDocuments/CS 415/MP2/Saved/Config/Windows/Scalability.ini]
[2022.10.08-20.53.19:073][  0]LogConfig: Setting CVar [[r.Streaming.MipBias:0]]
[2022.10.08-20.53.19:073][  0]LogConfig: Setting CVar [[r.Streaming.AmortizeCPUToGPUCopy:0]]
[2022.10.08-20.53.19:073][  0]LogConfig: Setting CVar [[r.Streaming.MaxNumTexturesToStreamPerFrame:0]]
[2022.10.08-20.53.19:073][  0]LogConfig: Setting CVar [[r.Streaming.Boost:1]]
[2022.10.08-20.53.19:073][  0]LogConfig: Setting CVar [[r.MaxAnisotropy:8]]
[2022.10.08-20.53.19:073][  0]LogConfig: Setting CVar [[r.VT.MaxAnisotropy:8]]
[2022.10.08-20.53.19:073][  0]LogConfig: Setting CVar [[r.Streaming.LimitPoolSizeToVRAM:0]]
[2022.10.08-20.53.19:073][  0]LogConfig: Setting CVar [[r.Streaming.PoolSize:1000]]
[2022.10.08-20.53.19:073][  0]LogConfig: Setting CVar [[r.Streaming.MaxEffectiveScreenSize:0]]
[2022.10.08-20.53.19:073][  0]LogConfig: Applying CVar settings from Section [EffectsQuality@3] File [C:/Users/jschw/Desktop/SchoolDocuments/CS 415/MP2/Saved/Config/Windows/Scalability.ini]
[2022.10.08-20.53.19:073][  0]LogConfig: Setting CVar [[r.TranslucencyLightingVolumeDim:64]]
[2022.10.08-20.53.19:073][  0]LogConfig: Setting CVar [[r.RefractionQuality:2]]
[2022.10.08-20.53.19:073][  0]LogConfig: Setting CVar [[r.SSR.Quality:3]]
[2022.10.08-20.53.19:073][  0]LogConfig: Setting CVar [[r.SSR.HalfResSceneColor:0]]
[2022.10.08-20.53.19:073][  0]LogConfig: Setting CVar [[r.SceneColorFormat:4]]
[2022.10.08-20.53.19:073][  0]LogConfig: Setting CVar [[r.DetailMode:2]]
[2022.10.08-20.53.19:073][  0]LogConfig: Setting CVar [[r.TranslucencyVolumeBlur:1]]
[2022.10.08-20.53.19:073][  0]LogConfig: Setting CVar [[r.MaterialQualityLevel:1 ; High quality]]
[2022.10.08-20.53.19:073][  0]LogConfig: Setting CVar [[r.AnisotropicMaterials:1]]
[2022.10.08-20.53.19:073][  0]LogConfig: Setting CVar [[r.SSS.Scale:1]]
[2022.10.08-20.53.19:073][  0]LogConfig: Setting CVar [[r.SSS.SampleSet:2]]
[2022.10.08-20.53.19:074][  0]LogConfig: Setting CVar [[r.SSS.Quality:1]]
[2022.10.08-20.53.19:074][  0]LogConfig: Setting CVar [[r.SSS.HalfRes:0]]
[2022.10.08-20.53.19:074][  0]LogConfig: Setting CVar [[r.SSGI.Quality:3]]
[2022.10.08-20.53.19:074][  0]LogConfig: Setting CVar [[r.EmitterSpawnRateScale:1.0]]
[2022.10.08-20.53.19:074][  0]LogConfig: Setting CVar [[r.ParticleLightQuality:2]]
[2022.10.08-20.53.19:074][  0]LogConfig: Setting CVar [[r.SkyAtmosphere.AerialPerspectiveLUT.FastApplyOnOpaque:1 ; Always have FastSkyLUT 1 in this case to avoid wrong sky]]
[2022.10.08-20.53.19:074][  0]LogConfig: Setting CVar [[r.SkyAtmosphere.AerialPerspectiveLUT.SampleCountMaxPerSlice:4]]
[2022.10.08-20.53.19:074][  0]LogConfig: Setting CVar [[r.SkyAtmosphere.AerialPerspectiveLUT.DepthResolution:16.0]]
[2022.10.08-20.53.19:074][  0]LogConfig: Setting CVar [[r.SkyAtmosphere.FastSkyLUT:1]]
[2022.10.08-20.53.19:074][  0]LogConfig: Setting CVar [[r.SkyAtmosphere.FastSkyLUT.SampleCountMin:4.0]]
[2022.10.08-20.53.19:074][  0]LogConfig: Setting CVar [[r.SkyAtmosphere.FastSkyLUT.SampleCountMax:128.0]]
[2022.10.08-20.53.19:074][  0]LogConfig: Setting CVar [[r.SkyAtmosphere.SampleCountMin:4.0]]
[2022.10.08-20.53.19:074][  0]LogConfig: Setting CVar [[r.SkyAtmosphere.SampleCountMax:128.0]]
[2022.10.08-20.53.19:074][  0]LogConfig: Setting CVar [[r.SkyAtmosphere.TransmittanceLUT.UseSmallFormat:0]]
[2022.10.08-20.53.19:074][  0]LogConfig: Setting CVar [[r.SkyAtmosphere.TransmittanceLUT.SampleCount:10.0]]
[2022.10.08-20.53.19:074][  0]LogConfig: Setting CVar [[r.SkyAtmosphere.MultiScatteringLUT.SampleCount:15.0]]
[2022.10.08-20.53.19:074][  0]LogConfig: Setting CVar [[r.SkyLight.RealTimeReflectionCapture:1]]
[2022.10.08-20.53.19:074][  0]LogConfig: Applying CVar settings from Section [FoliageQuality@3] File [C:/Users/jschw/Desktop/SchoolDocuments/CS 415/MP2/Saved/Config/Windows/Scalability.ini]
[2022.10.08-20.53.19:074][  0]LogConfig: Setting CVar [[foliage.DensityScale:1.0]]
[2022.10.08-20.53.19:074][  0]LogConfig: Setting CVar [[grass.DensityScale:1.0]]
[2022.10.08-20.53.19:074][  0]LogConfig: Applying CVar settings from Section [ShadingQuality@3] File [C:/Users/jschw/Desktop/SchoolDocuments/CS 415/MP2/Saved/Config/Windows/Scalability.ini]
[2022.10.08-20.53.19:074][  0]LogConfig: Setting CVar [[r.HairStrands.SkyLighting.IntegrationType:2]]
[2022.10.08-20.53.19:074][  0]LogConfig: Setting CVar [[r.HairStrands.SkyAO.SampleCount:4]]
[2022.10.08-20.53.19:074][  0]LogConfig: Setting CVar [[r.HairStrands.Visibility.MSAA.SamplePerPixel:4]]
[2022.10.08-20.53.19:074][  0]LogInit: Selected Device Profile: [Windows]
[2022.10.08-20.53.19:074][  0]LogInit: Applying CVar settings loaded from the selected device profile: [Windows]
[2022.10.08-20.53.19:074][  0]LogHAL: Display: Platform has ~ 16 GB [16913207296 / 17179869184 / 16], which maps to Larger [LargestMinGB=32, LargerMinGB=12, DefaultMinGB=8, SmallerMinGB=6, SmallestMinGB=0)
[2022.10.08-20.53.19:074][  0]LogInit: Going up to parent DeviceProfile []
[2022.10.08-20.53.19:074][  0]LogConfig: Applying CVar settings from Section [ViewDistanceQuality@3] File [C:/Users/jschw/Desktop/SchoolDocuments/CS 415/MP2/Saved/Config/Windows/Scalability.ini]
[2022.10.08-20.53.19:074][  0]LogConfig: Setting CVar [[r.SkeletalMeshLODBias:0]]
[2022.10.08-20.53.19:074][  0]LogConfig: Setting CVar [[r.ViewDistanceScale:1.0]]
[2022.10.08-20.53.19:074][  0]LogConfig: Applying CVar settings from Section [AntiAliasingQuality@3] File [C:/Users/jschw/Desktop/SchoolDocuments/CS 415/MP2/Saved/Config/Windows/Scalability.ini]
[2022.10.08-20.53.19:074][  0]LogConfig: Setting CVar [[r.PostProcessAAQuality:4]]
[2022.10.08-20.53.19:074][  0]LogConfig: Applying CVar settings from Section [ShadowQuality@3] File [C:/Users/jschw/Desktop/SchoolDocuments/CS 415/MP2/Saved/Config/Windows/Scalability.ini]
[2022.10.08-20.53.19:074][  0]LogConfig: Setting CVar [[r.LightFunctionQuality:1]]
[2022.10.08-20.53.19:074][  0]LogConfig: Setting CVar [[r.ShadowQuality:5]]
[2022.10.08-20.53.19:074][  0]LogConfig: Setting CVar [[r.Shadow.CSM.MaxCascades:10]]
[2022.10.08-20.53.19:074][  0]LogConfig: Setting CVar [[r.Shadow.MaxResolution:2048]]
[2022.10.08-20.53.19:074][  0]LogConfig: Setting CVar [[r.Shadow.MaxCSMResolution:2048]]
[2022.10.08-20.53.19:074][  0]LogConfig: Setting CVar [[r.Shadow.RadiusThreshold:0.01]]
[2022.10.08-20.53.19:074][  0]LogConfig: Setting CVar [[r.Shadow.DistanceScale:1.0]]
[2022.10.08-20.53.19:074][  0]LogConfig: Setting CVar [[r.Shadow.CSM.TransitionScale:1.0]]
[2022.10.08-20.53.19:074][  0]LogConfig: Setting CVar [[r.Shadow.PreShadowResolutionFactor:1.0]]
[2022.10.08-20.53.19:074][  0]LogConfig: Setting CVar [[r.DistanceFieldShadowing:1]]
[2022.10.08-20.53.19:074][  0]LogConfig: Setting CVar [[r.DistanceFieldAO:1]]
[2022.10.08-20.53.19:074][  0]LogConfig: Setting CVar [[r.AOQuality:2]]
[2022.10.08-20.53.19:074][  0]LogConfig: Setting CVar [[r.VolumetricFog:1]]
[2022.10.08-20.53.19:074][  0]LogConfig: Setting CVar [[r.VolumetricFog.GridPixelSize:8]]
[2022.10.08-20.53.19:074][  0]LogConfig: Setting CVar [[r.VolumetricFog.GridSizeZ:128]]
[2022.10.08-20.53.19:074][  0]LogConfig: Setting CVar [[r.VolumetricFog.HistoryMissSupersampleCount:4]]
[2022.10.08-20.53.19:074][  0]LogConfig: Setting CVar [[r.LightMaxDrawDistanceScale:1]]
[2022.10.08-20.53.19:074][  0]LogConfig: Setting CVar [[r.CapsuleShadows:1]]
[2022.10.08-20.53.19:074][  0]LogConfig: Applying CVar settings from Section [PostProcessQuality@3] File [C:/Users/jschw/Desktop/SchoolDocuments/CS 415/MP2/Saved/Config/Windows/Scalability.ini]
[2022.10.08-20.53.19:074][  0]LogConfig: Setting CVar [[r.MotionBlurQuality:4]]
[2022.10.08-20.53.19:074][  0]LogConfig: Setting CVar [[r.AmbientOcclusionMipLevelFactor:0.4]]
[2022.10.08-20.53.19:074][  0]LogConfig: Setting CVar [[r.AmbientOcclusionMaxQuality:100]]
[2022.10.08-20.53.19:074][  0]LogConfig: Setting CVar [[r.AmbientOcclusionLevels:-1]]
[2022.10.08-20.53.19:075][  0]LogConfig: Setting CVar [[r.AmbientOcclusionRadiusScale:1.0]]
[2022.10.08-20.53.19:075][  0]LogConfig: Setting CVar [[r.DepthOfFieldQuality:2]]
[2022.10.08-20.53.19:075][  0]LogConfig: Setting CVar [[r.RenderTargetPoolMin:400]]
[2022.10.08-20.53.19:075][  0]LogConfig: Setting CVar [[r.LensFlareQuality:2]]
[2022.10.08-20.53.19:075][  0]LogConfig: Setting CVar [[r.SceneColorFringeQuality:1]]
[2022.10.08-20.53.19:075][  0]LogConfig: Setting CVar [[r.EyeAdaptationQuality:2]]
[2022.10.08-20.53.19:075][  0]LogConfig: Setting CVar [[r.BloomQuality:5]]
[2022.10.08-20.53.19:075][  0]LogConfig: Setting CVar [[r.FastBlurThreshold:100]]
[2022.10.08-20.53.19:075][  0]LogConfig: Setting CVar [[r.Upscale.Quality:3]]
[2022.10.08-20.53.19:075][  0]LogConfig: Setting CVar [[r.Tonemapper.GrainQuantization:1]]
[2022.10.08-20.53.19:075][  0]LogConfig: Setting CVar [[r.LightShaftQuality:1]]
[2022.10.08-20.53.19:075][  0]LogConfig: Setting CVar [[r.Filter.SizeScale:1]]
[2022.10.08-20.53.19:075][  0]LogConfig: Setting CVar [[r.Tonemapper.Quality:5]]
[2022.10.08-20.53.19:075][  0]LogConfig: Setting CVar [[r.DOF.Gather.AccumulatorQuality:1        ; higher gathering accumulator quality]]
[2022.10.08-20.53.19:075][  0]LogConfig: Setting CVar [[r.DOF.Gather.PostfilterMethod:1          ; Median3x3 postfilering method]]
[2022.10.08-20.53.19:075][  0]LogConfig: Setting CVar [[r.DOF.Gather.EnableBokehSettings:0       ; no bokeh simulation when gathering]]
[2022.10.08-20.53.19:075][  0]LogConfig: Setting CVar [[r.DOF.Gather.RingCount:4                 ; medium number of samples when gathering]]
[2022.10.08-20.53.19:075][  0]LogConfig: Setting CVar [[r.DOF.Scatter.ForegroundCompositing:1    ; additive foreground scattering]]
[2022.10.08-20.53.19:075][  0]LogConfig: Setting CVar [[r.DOF.Scatter.BackgroundCompositing:2    ; additive background scattering]]
[2022.10.08-20.53.19:075][  0]LogConfig: Setting CVar [[r.DOF.Scatter.EnableBokehSettings:1      ; bokeh simulation when scattering]]
[2022.10.08-20.53.19:075][  0]LogConfig: Setting CVar [[r.DOF.Scatter.MaxSpriteRatio:0.1         ; only a maximum of 10% of scattered bokeh]]
[2022.10.08-20.53.19:075][  0]LogConfig: Setting CVar [[r.DOF.Recombine.Quality:1                ; cheap slight out of focus]]
[2022.10.08-20.53.19:075][  0]LogConfig: Setting CVar [[r.DOF.Recombine.EnableBokehSettings:0    ; no bokeh simulation on slight out of focus]]
[2022.10.08-20.53.19:075][  0]LogConfig: Setting CVar [[r.DOF.TemporalAAQuality:1                ; more stable temporal accumulation]]
[2022.10.08-20.53.19:075][  0]LogConfig: Setting CVar [[r.DOF.Kernel.MaxForegroundRadius:0.025]]
[2022.10.08-20.53.19:075][  0]LogConfig: Setting CVar [[r.DOF.Kernel.MaxBackgroundRadius:0.025]]
[2022.10.08-20.53.19:075][  0]LogConfig: Applying CVar settings from Section [TextureQuality@3] File [C:/Users/jschw/Desktop/SchoolDocuments/CS 415/MP2/Saved/Config/Windows/Scalability.ini]
[2022.10.08-20.53.19:075][  0]LogConfig: Setting CVar [[r.Streaming.MipBias:0]]
[2022.10.08-20.53.19:075][  0]LogConfig: Setting CVar [[r.Streaming.AmortizeCPUToGPUCopy:0]]
[2022.10.08-20.53.19:075][  0]LogConfig: Setting CVar [[r.Streaming.MaxNumTexturesToStreamPerFrame:0]]
[2022.10.08-20.53.19:075][  0]LogConfig: Setting CVar [[r.Streaming.Boost:1]]
[2022.10.08-20.53.19:075][  0]LogConfig: Setting CVar [[r.MaxAnisotropy:8]]
[2022.10.08-20.53.19:075][  0]LogConfig: Setting CVar [[r.VT.MaxAnisotropy:8]]
[2022.10.08-20.53.19:075][  0]LogConfig: Setting CVar [[r.Streaming.LimitPoolSizeToVRAM:0]]
[2022.10.08-20.53.19:075][  0]LogConfig: Setting CVar [[r.Streaming.PoolSize:1000]]
[2022.10.08-20.53.19:075][  0]LogConfig: Setting CVar [[r.Streaming.MaxEffectiveScreenSize:0]]
[2022.10.08-20.53.19:075][  0]LogConfig: Applying CVar settings from Section [EffectsQuality@3] File [C:/Users/jschw/Desktop/SchoolDocuments/CS 415/MP2/Saved/Config/Windows/Scalability.ini]
[2022.10.08-20.53.19:075][  0]LogConfig: Setting CVar [[r.TranslucencyLightingVolumeDim:64]]
[2022.10.08-20.53.19:075][  0]LogConfig: Setting CVar [[r.RefractionQuality:2]]
[2022.10.08-20.53.19:075][  0]LogConfig: Setting CVar [[r.SSR.Quality:3]]
[2022.10.08-20.53.19:075][  0]LogConfig: Setting CVar [[r.SSR.HalfResSceneColor:0]]
[2022.10.08-20.53.19:075][  0]LogConfig: Setting CVar [[r.SceneColorFormat:4]]
[2022.10.08-20.53.19:075][  0]LogConfig: Setting CVar [[r.DetailMode:2]]
[2022.10.08-20.53.19:075][  0]LogConfig: Setting CVar [[r.TranslucencyVolumeBlur:1]]
[2022.10.08-20.53.19:075][  0]LogConfig: Setting CVar [[r.MaterialQualityLevel:1 ; High quality]]
[2022.10.08-20.53.19:075][  0]LogConfig: Setting CVar [[r.AnisotropicMaterials:1]]
[2022.10.08-20.53.19:075][  0]LogConfig: Setting CVar [[r.SSS.Scale:1]]
[2022.10.08-20.53.19:075][  0]LogConfig: Setting CVar [[r.SSS.SampleSet:2]]
[2022.10.08-20.53.19:075][  0]LogConfig: Setting CVar [[r.SSS.Quality:1]]
[2022.10.08-20.53.19:075][  0]LogConfig: Setting CVar [[r.SSS.HalfRes:0]]
[2022.10.08-20.53.19:075][  0]LogConfig: Setting CVar [[r.SSGI.Quality:3]]
[2022.10.08-20.53.19:075][  0]LogConfig: Setting CVar [[r.EmitterSpawnRateScale:1.0]]
[2022.10.08-20.53.19:075][  0]LogConfig: Setting CVar [[r.ParticleLightQuality:2]]
[2022.10.08-20.53.19:075][  0]LogConfig: Setting CVar [[r.SkyAtmosphere.AerialPerspectiveLUT.FastApplyOnOpaque:1 ; Always have FastSkyLUT 1 in this case to avoid wrong sky]]
[2022.10.08-20.53.19:075][  0]LogConfig: Setting CVar [[r.SkyAtmosphere.AerialPerspectiveLUT.SampleCountMaxPerSlice:4]]
[2022.10.08-20.53.19:075][  0]LogConfig: Setting CVar [[r.SkyAtmosphere.AerialPerspectiveLUT.DepthResolution:16.0]]
[2022.10.08-20.53.19:075][  0]LogConfig: Setting CVar [[r.SkyAtmosphere.FastSkyLUT:1]]
[2022.10.08-20.53.19:075][  0]LogConfig: Setting CVar [[r.SkyAtmosphere.FastSkyLUT.SampleCountMin:4.0]]
[2022.10.08-20.53.19:075][  0]LogConfig: Setting CVar [[r.SkyAtmosphere.FastSkyLUT.SampleCountMax:128.0]]
[2022.10.08-20.53.19:075][  0]LogConfig: Setting CVar [[r.SkyAtmosphere.SampleCountMin:4.0]]
[2022.10.08-20.53.19:075][  0]LogConfig: Setting CVar [[r.SkyAtmosphere.SampleCountMax:128.0]]
[2022.10.08-20.53.19:075][  0]LogConfig: Setting CVar [[r.SkyAtmosphere.TransmittanceLUT.UseSmallFormat:0]]
[2022.10.08-20.53.19:075][  0]LogConfig: Setting CVar [[r.SkyAtmosphere.TransmittanceLUT.SampleCount:10.0]]
[2022.10.08-20.53.19:075][  0]LogConfig: Setting CVar [[r.SkyAtmosphere.MultiScatteringLUT.SampleCount:15.0]]
[2022.10.08-20.53.19:075][  0]LogConfig: Setting CVar [[r.SkyLight.RealTimeReflectionCapture:1]]
[2022.10.08-20.53.19:076][  0]LogConfig: Applying CVar settings from Section [FoliageQuality@3] File [C:/Users/jschw/Desktop/SchoolDocuments/CS 415/MP2/Saved/Config/Windows/Scalability.ini]
[2022.10.08-20.53.19:076][  0]LogConfig: Setting CVar [[foliage.DensityScale:1.0]]
[2022.10.08-20.53.19:076][  0]LogConfig: Setting CVar [[grass.DensityScale:1.0]]
[2022.10.08-20.53.19:076][  0]LogConfig: Applying CVar settings from Section [ShadingQuality@3] File [C:/Users/jschw/Desktop/SchoolDocuments/CS 415/MP2/Saved/Config/Windows/Scalability.ini]
[2022.10.08-20.53.19:076][  0]LogConfig: Setting CVar [[r.HairStrands.SkyLighting.IntegrationType:2]]
[2022.10.08-20.53.19:076][  0]LogConfig: Setting CVar [[r.HairStrands.SkyAO.SampleCount:4]]
[2022.10.08-20.53.19:076][  0]LogConfig: Setting CVar [[r.HairStrands.Visibility.MSAA.SamplePerPixel:4]]
[2022.10.08-20.53.19:076][  0]LogConfig: Applying CVar settings from Section [Startup] File [../../../Engine/Config/ConsoleVariables.ini]
[2022.10.08-20.53.19:076][  0]LogConfig: Setting CVar [[net.UseAdaptiveNetUpdateFrequency:0]]
[2022.10.08-20.53.19:076][  0]LogConfig: Setting CVar [[p.chaos.AllowCreatePhysxBodies:1]]
[2022.10.08-20.53.19:076][  0]LogConfig: Setting CVar [[fx.SkipVectorVMBackendOptimizations:1]]
[2022.10.08-20.53.19:076][  0]LogConfig: Applying CVar settings from Section [ConsoleVariables] File [C:/Users/jschw/Desktop/SchoolDocuments/CS 415/MP2/Saved/Config/Windows/Engine.ini]
[2022.10.08-20.53.19:076][  0]LogConfig: Applying CVar settings from Section [ConsoleVariables] File [C:/Users/jschw/Desktop/SchoolDocuments/CS 415/MP2/Saved/Config/Windows/Editor.ini]
[2022.10.08-20.53.19:076][  0]LogInit: Computer: DESKTOP-FCE592K
[2022.10.08-20.53.19:076][  0]LogInit: User: jschw
[2022.10.08-20.53.19:076][  0]LogInit: CPU Page size=4096, Cores=6
[2022.10.08-20.53.19:076][  0]LogInit: High frequency timer resolution =10.000000 MHz
[2022.10.08-20.53.19:076][  0]LogMemory: Memory total: Physical=15.8GB (16GB approx)
[2022.10.08-20.53.19:076][  0]LogMemory: Platform Memory Stats for Windows
[2022.10.08-20.53.19:076][  0]LogMemory: Process Physical Memory: 143.41 MB used, 143.41 MB peak
[2022.10.08-20.53.19:076][  0]LogMemory: Process Virtual Memory: 130.01 MB used, 130.01 MB peak
[2022.10.08-20.53.19:076][  0]LogMemory: Physical Memory: 9354.18 MB used,  6775.51 MB free, 16129.69 MB total
[2022.10.08-20.53.19:076][  0]LogMemory: Virtual Memory: 134213696.00 MB used,  4034.96 MB free, 134217728.00 MB total
[2022.10.08-20.53.19:081][  0]LogWindows: WindowsPlatformFeatures enabled
[2022.10.08-20.53.19:125][  0]LogInit: Physics initialised using underlying interface: PhysX
[2022.10.08-20.53.19:125][  0]LogInit: Using OS detected language (en-US).
[2022.10.08-20.53.19:125][  0]LogInit: Using OS detected locale (en-US).
[2022.10.08-20.53.19:131][  0]LogTextLocalizationManager: No specific localization for 'en-US' exists, so the 'en' localization will be used.
[2022.10.08-20.53.19:357][  0]LogWindowsTextInputMethodSystem: Display: IME system deactivated.
[2022.10.08-20.53.19:393][  0]LogSlate: New Slate User Created.  User Index 0, Is Virtual User: 0
[2022.10.08-20.53.19:393][  0]LogSlate: Slate User Registered.  User Index 0, Is Virtual User: 0
[2022.10.08-20.53.19:423][  0]LogD3D11RHI: Loaded GFSDK_Aftermath_Lib.x64.dll
[2022.10.08-20.53.19:462][  0]LogHMD: Failed to initialize OpenVR with code 110
[2022.10.08-20.53.19:462][  0]LogD3D11RHI: D3D11 min allowed feature level: 11_0
[2022.10.08-20.53.19:462][  0]LogD3D11RHI: D3D11 max allowed feature level: 11_0
[2022.10.08-20.53.19:462][  0]LogD3D11RHI: D3D11 adapters:
[2022.10.08-20.53.19:600][  0]LogD3D11RHI:    0. 'NVIDIA GeForce GTX 1650 Ti' (Feature Level 11_0)
[2022.10.08-20.53.19:600][  0]LogD3D11RHI:       3964/0/8064 MB DedicatedVideo/DedicatedSystem/SharedSystem, Outputs:1, VendorId:0x10de
[2022.10.08-20.53.19:651][  0]LogD3D11RHI:    1. 'Intel(R) UHD Graphics' (Feature Level 11_0)
[2022.10.08-20.53.19:652][  0]LogD3D11RHI:       128/0/8064 MB DedicatedVideo/DedicatedSystem/SharedSystem, Outputs:0, VendorId:0x8086
[2022.10.08-20.53.19:656][  0]LogD3D11RHI:    2. 'Microsoft Basic Render Driver' (Feature Level 11_0)
[2022.10.08-20.53.19:656][  0]LogD3D11RHI:       0/0/8064 MB DedicatedVideo/DedicatedSystem/SharedSystem, Outputs:0, VendorId:0x1414
[2022.10.08-20.53.19:656][  0]LogD3D11RHI: Chosen D3D11 Adapter:
[2022.10.08-20.53.19:656][  0]LogD3D11RHI:     Description : NVIDIA GeForce GTX 1650 Ti
[2022.10.08-20.53.19:656][  0]LogD3D11RHI:     VendorId    : 10de
[2022.10.08-20.53.19:656][  0]LogD3D11RHI:     DeviceId    : 1f95
[2022.10.08-20.53.19:656][  0]LogD3D11RHI:     SubSysId    : 97d1028
[2022.10.08-20.53.19:656][  0]LogD3D11RHI:     Revision    : 00a1
[2022.10.08-20.53.19:656][  0]LogD3D11RHI:     DedicatedVideoMemory : 4156555264 bytes
[2022.10.08-20.53.19:656][  0]LogD3D11RHI:     DedicatedSystemMemory : 0 bytes
[2022.10.08-20.53.19:656][  0]LogD3D11RHI:     SharedSystemMemory : 8456603648 bytes
[2022.10.08-20.53.19:656][  0]LogD3D11RHI:     AdapterLuid : 0 102294
[2022.10.08-20.53.19:666][  0]LogD3D11RHI: Creating new Direct3DDevice
[2022.10.08-20.53.19:666][  0]LogD3D11RHI:     GPU DeviceId: 0x1f95 (for the marketing name, search the web for "GPU Device Id")
[2022.10.08-20.53.19:666][  0]LogWindows: EnumDisplayDevices:
[2022.10.08-20.53.19:667][  0]LogWindows:    0. 'Intel(R) UHD Graphics' (P:1 D:1)
[2022.10.08-20.53.19:667][  0]LogWindows:    1. 'Intel(R) UHD Graphics' (P:0 D:0)
[2022.10.08-20.53.19:667][  0]LogWindows:    2. 'Intel(R) UHD Graphics' (P:0 D:0)
[2022.10.08-20.53.19:668][  0]LogWindows: DebugString: PrimaryIsNotTheChoosenAdapter PrimaryIsNotTheChoosenAdapter PrimaryIsNotTheChoosenAdapter FoundDriverCount:0 
[2022.10.08-20.53.19:668][  0]LogD3D11RHI:     Adapter Name: NVIDIA GeForce GTX 1650 Ti
[2022.10.08-20.53.19:668][  0]LogD3D11RHI:   Driver Version: Unknown (internal:Unknown, unified:Unknown)
[2022.10.08-20.53.19:668][  0]LogD3D11RHI:      Driver Date: Unknown
[2022.10.08-20.53.19:668][  0]LogRHI: Texture pool is 2774 MB (70% of 3964 MB)
[2022.10.08-20.53.19:668][  0]LogD3D11RHI: Creating D3DDevice using adapter:
[2022.10.08-20.53.19:668][  0]LogD3D11RHI:     Description : NVIDIA GeForce GTX 1650 Ti
[2022.10.08-20.53.19:668][  0]LogD3D11RHI:     VendorId    : 10de
[2022.10.08-20.53.19:668][  0]LogD3D11RHI:     DeviceId    : 1f95
[2022.10.08-20.53.19:668][  0]LogD3D11RHI:     SubSysId    : 97d1028
[2022.10.08-20.53.19:668][  0]LogD3D11RHI:     Revision    : 00a1
[2022.10.08-20.53.19:668][  0]LogD3D11RHI:     DedicatedVideoMemory : 4156555264 bytes
[2022.10.08-20.53.19:668][  0]LogD3D11RHI:     DedicatedSystemMemory : 0 bytes
[2022.10.08-20.53.19:668][  0]LogD3D11RHI:     SharedSystemMemory : 8456603648 bytes
[2022.10.08-20.53.19:668][  0]LogD3D11RHI:     AdapterLuid : 0 102294
[2022.10.08-20.53.19:758][  0]LogD3D11RHI: RHI has support for 64 bit atomics
[2022.10.08-20.53.19:758][  0]LogD3D11RHI: Async texture creation enabled
[2022.10.08-20.53.19:758][  0]LogD3D11RHI: Array index from any shader is supported
[2022.10.08-20.53.19:777][  0]LogD3D11RHI: GPU Timing Frequency: 1000.000000 (Debug: 2 1)
[2022.10.08-20.53.19:859][  0]LogRHI: GeForceNow SDK initialized: 1
[2022.10.08-20.53.20:374][  0]LogTargetPlatformManager: Display: Loaded TargetPlatform 'WindowsNoEditor'
[2022.10.08-20.53.20:384][  0]LogTargetPlatformManager: Display: Loaded TargetPlatform 'Windows'
[2022.10.08-20.53.20:394][  0]LogTargetPlatformManager: Display: Loaded TargetPlatform 'WindowsClient'
[2022.10.08-20.53.20:405][  0]LogTargetPlatformManager: Display: Loaded TargetPlatform 'WindowsServer'
[2022.10.08-20.53.20:405][  0]LogTargetPlatformManager: Display: Building Assets For Windows
[2022.10.08-20.53.20:421][  0]LogAudioDebug: Display: Lib vorbis DLL was dynamically loaded.
[2022.10.08-20.53.20:482][  0]LogTextureFormatOodle: Display: Oodle Texture 2.9.0 init RDO Off
[2022.10.08-20.53.20:535][  0]LogRendererCore: Ray tracing is disabled. Reason: r.RayTracing=0.
[2022.10.08-20.53.20:535][  0]LogShaderCompilers: Guid format shader working directory is -18 characters bigger than the processId version (../../../../../../Users/jschw/Desktop/SchoolDocuments/CS 415/MP2/Intermediate/Shaders/WorkingDirectory/1240/).
[2022.10.08-20.53.20:535][  0]LogShaderCompilers: Cleaned the shader compiler working directory 'C:/Users/jschw/AppData/Local/Temp/UnrealShaderWorkingDir/355300904E08940E8B6294B3EB634927/'.
[2022.10.08-20.53.20:536][  0]LogXGEController: Cannot use XGE Controller as Incredibuild is not installed on this machine.
[2022.10.08-20.53.20:536][  0]LogShaderCompilers: Cannot use XGE Shader Compiler as Incredibuild is not installed on this machine.
[2022.10.08-20.53.20:536][  0]LogShaderCompilers: Display: Using Local Shader Compiler.
[2022.10.08-20.53.21:452][  0]LogDerivedDataCache: Display: Max Cache Size: 512 MB
[2022.10.08-20.53.21:529][  0]LogDerivedDataCache: Loaded boot cache 0.08s 116MB C:/Users/jschw/AppData/Local/UnrealEngine/4.27/DerivedDataCache/Boot.ddc.
[2022.10.08-20.53.21:529][  0]LogDerivedDataCache: Display: Loaded Boot cache: C:/Users/jschw/AppData/Local/UnrealEngine/4.27/DerivedDataCache/Boot.ddc
[2022.10.08-20.53.21:529][  0]LogDerivedDataCache: FDerivedDataBackendGraph:  Pak pak cache file ../../../../../../Users/jschw/Desktop/SchoolDocuments/CS 415/MP2/DerivedDataCache/DDC.ddp not found, will not use a pak cache.
[2022.10.08-20.53.21:529][  0]LogDerivedDataCache: Unable to find inner node Pak for hierarchical cache Hierarchy.
[2022.10.08-20.53.21:529][  0]LogDerivedDataCache: FDerivedDataBackendGraph:  CompressedPak pak cache file ../../../../../../Users/jschw/Desktop/SchoolDocuments/CS 415/MP2/DerivedDataCache/Compressed.ddp not found, will not use a pak cache.
[2022.10.08-20.53.21:529][  0]LogDerivedDataCache: Unable to find inner node CompressedPak for hierarchical cache Hierarchy.
[2022.10.08-20.53.21:547][  0]LogDerivedDataCache: Display: Pak cache opened for reading ../../../Engine/DerivedDataCache/Compressed.ddp.
[2022.10.08-20.53.21:547][  0]LogDerivedDataCache: FDerivedDataBackendGraph:  EnterprisePak pak cache file ../../../Enterprise/DerivedDataCache/Compressed.ddp not found, will not use a pak cache.
[2022.10.08-20.53.21:547][  0]LogDerivedDataCache: Unable to find inner node EnterprisePak for hierarchical cache Hierarchy.
[2022.10.08-20.53.21:564][  0]LogDerivedDataCache: Speed tests for C:/Users/jschw/AppData/Local/UnrealEngine/Common/DerivedDataCache took 0.02 seconds
[2022.10.08-20.53.21:565][  0]LogDerivedDataCache: Display: Performance to C:/Users/jschw/AppData/Local/UnrealEngine/Common/DerivedDataCache: Latency=0.04ms. RandomReadSpeed=816.37MBs, RandomWriteSpeed=60.09MBs. Assigned SpeedClass 'Local'
[2022.10.08-20.53.21:565][  0]LogDerivedDataCache: Using Local data cache path C:/Users/jschw/AppData/Local/UnrealEngine/Common/DerivedDataCache: Writable
[2022.10.08-20.53.21:565][  0]LogDerivedDataCache: Shared data cache path not found in *engine.ini, will not use an Shared cache.
[2022.10.08-20.53.21:565][  0]LogDerivedDataCache: Unable to find inner node Shared for hierarchical cache Hierarchy.
[2022.10.08-20.53.21:605][  0]LogSlate: Using FreeType 2.10.0
[2022.10.08-20.53.21:605][  0]LogSlate: SlateFontServices - WITH_FREETYPE: 1, WITH_HARFBUZZ: 1
[2022.10.08-20.53.21:721][  0]LogInit: Using OS detected language (en-US).
[2022.10.08-20.53.21:721][  0]LogInit: Using OS detected locale (en-US).
[2022.10.08-20.53.21:721][  0]LogTextLocalizationManager: No localization for 'en-US' exists, so 'en' will be used for the language.
[2022.10.08-20.53.21:721][  0]LogTextLocalizationManager: No localization for 'en-US' exists, so 'en' will be used for the locale.
[2022.10.08-20.53.21:721][  0]LogSlate: FontCache flush requested. Reason: Culture for localization was changed
[2022.10.08-20.53.21:721][  0]LogSlate: FontCache flush requested. Reason: Culture for localization was changed
[2022.10.08-20.53.21:724][  0]LogTextLocalizationManager: Compacting localization data took   0.01ms
[2022.10.08-20.53.21:725][  0]LogAssetRegistry: FAssetRegistry took 0.0019 seconds to start up
[2022.10.08-20.53.21:915][  0]LogPackageLocalizationCache: Processed 27 localized package path(s) for 1 prioritized culture(s) in 0.001545 seconds
[2022.10.08-20.53.22:000][  0]LogInit: Selected Device Profile: [Windows]
[2022.10.08-20.53.22:000][  0]LogInit: Active device profile: [000002880F8C4700][0000028805CCCA00 49] Windows
[2022.10.08-20.53.22:000][  0]LogInit: Profiles: [000002880F8C4700][0000028805CCCA00 49] Windows, [000002880F88EF00][0000028805CD4B80 49] WindowsNoEditor, [000002880F8C7300][000002880CD0CD00 49] WindowsServer, [000002880F88F800][000002880CD10E80 49] WindowsClient, [000002880F8C7500][000002880CD15000 49] IOS, [000002880F883F00][000002880CD19180 49] iPadAir, [000002880F88F300][000002880CD1D300 49] iPadAir2, [000002880F838500][000002880CD255C0 49] IPadPro, [000002880F838600][000002880CD21600 49] iPadAir3, [000002880F880100][0000028805CD1740 49] iPadAir4, [000002880F83AC00][000002880CD29880 49] iPadMini2, [000002880F882500][000002880CD2D9C0 49] iPadMini3, [000002880F83B400][000002880CD31B00 49] iPadMini4, [000002880F880F00][000002880CD38100 49] iPadMini5, [000002880F827E00][000002880CD403C0 49] iPhone6, [000002880F827F00][000002880CD3C400 49] iPodTouch6, [000002880F8C7900][000002880CD486C0 49] iPhone7, [000002880F8C6100][000002880CD44700 49] iPodTouch7, [000002880F824400][000002880CD4C880 49] iPhone5S, [000002880F83BD00][0000028805FECA00 49] iPhone6Plus, [000002880F8C7400][0000028805FF0B80 49] iPhone6S, [000002880F83A000][0000028805FF4D00 49] iPhone6SPlus, [000002880F8C4900][0000028805FF8E80 49] iPhone7Plus, [000002880F838E00][0000028805FFD000 49] iPhoneSE, [000002880F8C4200][0000028806001180 49] iPhone8, [000002880F83A400][0000028806005300 49] iPhone8Plus, [000002880F8C5E00][0000028806009480 49] iPhoneX, [000002880F83BE00][000002880600D600 49] iPhoneXS, [000002880F8C5600][0000028806011780 49] iPhoneXSMax, [000002880F83A500][000002880CD358C0 49] iPhoneXR, [000002880F8C6A00][0000028806015A00 49] iPhone11, [000002880F83BA00][0000028806019B40 49] iPhone11Pro, [000002880F8C4F00][000002880601C100 49] iPhone11ProMax, [000002880F83A300][0000028806024280 49] iPhoneSE2, [000002880F8C6700][0000028806028400 49] iPhone12Mini, [000002880F838700][000002880602C580 49] iPhone12, [000002880F8C7100][0000028806030700 49] iPhone12Pro, [000002880F83B500][0000028806034880 49] iPhone12ProMax, [000002880F8C4800][000002880D682A00 49] iPadPro105, [000002880F839C00][000002880D686B80 49] iPadPro129, [000002880F8C4300][000002880D68AD00 49] iPadPro97, [000002880F839D00][000002880D68EE80 49] iPadPro2_129, [000002880F8C4C00][000002880D693000 49] iPad5, [000002880F83B000][000002880D697180 49] iPad6, [000002880F8C6C00][000002880D69B300 49] iPad7, [000002880F83AE00][000002880D69F480 49] iPad8, [000002880F8C7E00][000002880D6A3600 49] iPadPro11, [000002880F839900][000002880D6A7780 49] iPadPro2_11, [000002880F8C5800][000002880D6AB900 49] iPadPro3_129, [000002880F838C00][000002880D6AFA80 49] iPadPro4_129, [000002880F8C6400][0000028806021BC0 49] AppleTV, [000002880F83B700][000002880D6B2180 49] AppleTV4K, [000002880F8C5B00][000002880D6B62C0 49] TVOS, [000002880F839000][000002880D6BE440 49] Mac, [000002880F8C5F00][000002880D6C25C0 49] MacClient, [000002880F83AB00][000002880D6C6740 49] MacNoEditor, [000002880F8C4D00][000002880D6CA8C0 49] MacServer, [000002880F83B300][000002880D6CEA40 49] Linux, [000002880F8C4B00][000002880D6D2BC0 49] LinuxAArch64, [000002880F83A100][000002880D6D6D40 49] LinuxNoEditor, [000002880F8C5700][000002880D6DAEC0 49] LinuxAArch64NoEditor, [000002880F839A00][000002880D6DF040 49] LinuxClient, [000002880F8C5000][000002880D6E31C0 49] LinuxAArch64Client, [000002880F839400][000002880D6E7340 49] LinuxServer, [000002880F8C7000][000002880D6EB4C0 49] LinuxAArch64Server, [000002880F839600][000002880D6EF640 49] Android, [000002880F883900][000002880D6F37C0 49] Android_Low, [000002880F825B00][000002880D6F7940 49] Android_Mid, [000002880F883000][000002880D6FBAC0 49] Android_High, [000002880F827900][000002880D6FE0C0 49] Android_Default, [000002880F882000][000002880D6BA200 49] Android_Adreno4xx, [000002880F827B00][000002880D702340 49] Android_Adreno5xx_Low, [000002880F880B00][000002880D706480 49] Android_Adreno5xx, [000002880F825800][000002880D70A5C0 49] Android_Adreno6xx, [000002880F881100][000002880D712740 49] Android_Adreno6xx_Vulkan, [000002880F824800][000002880D7168C0 49] Android_Mali_T6xx, [000002880F883600][000002880D71AA40 49] Android_Mali_T7xx, [000002880F824D00][000002880D71EBC0 49] Android_Mali_T8xx, [000002880F883C00][000002880D722D40 49] Android_Mali_G71, [000002880F824900][000002880D726EC0 49] Android_Mali_G72, [000002880F883E00][000002880D72B040 49] Android_Mali_G72_Vulkan, [000002880F825900][000002880D72F1C0 49] Android_Mali_G76, [000002880F883A00][000002880D733340 49] Android_Mali_G76_Vulkan, [000002880F827600][000002880D7374C0 49] Android_Mali_G77, [000002880F882200][000002880D73B640 49] Android_Mali_G77_Vulkan, [000002880F825200][000002880D73F7C0 49] Android_Mali_G78, [000002880F880A00][000002880D743940 49] Android_Mali_G78_Vulkan, [000002880F827000][000002880D747AC0 49] Android_Mali_G710, [000002880F881400][000002880D74A0C0 49] Android_Mali_G710_Vulkan, [000002880F824600][000002880D74E240 49] Android_Vulkan_SM5, [000002880F881800][000002880D70E380 49] Android_PowerVR_G6xxx, [000002880F824E00][000002880D7524C0 49] Android_PowerVR_GT7xxx, [000002880F880200][000002880D756600 49] Android_PowerVR_GE8xxx, [000002880F824100][000002880D75A740 49] Android_PowerVR_GM9xxx, [000002880F882600][000002880D7628C0 49] Android_PowerVR_GM9xxx_Vulkan, [000002880F83B800][000002880D766A40 49] Android_TegraK1, [000002880F882A00][000002880D76ABC0 49] Android_Unknown_Vulkan, [000002880F838F00][000002880D76ED40 49] Lumin, [000002880F881200][000002880D772EC0 49] Lumin_Desktop, [000002880F838400][000002880D777040 49] HoloLens, 
[2022.10.08-20.53.22:047][  0]LogMeshReduction: Using QuadricMeshReduction for automatic static mesh reduction
[2022.10.08-20.53.22:047][  0]LogMeshReduction: Using SimplygonMeshReduction for automatic skeletal mesh reduction
[2022.10.08-20.53.22:047][  0]LogMeshReduction: Using ProxyLODMeshReduction for automatic mesh merging
[2022.10.08-20.53.22:047][  0]LogMeshReduction: No distributed automatic mesh merging module available
[2022.10.08-20.53.22:047][  0]LogMeshMerging: No distributed automatic mesh merging module available
[2022.10.08-20.53.22:177][  0]LogNetVersion: MP2 1.0.0, NetCL: 17155196, EngineNetVer: 17, GameNetVer: 0 (Checksum: 2849652843)
[2022.10.08-20.53.22:458][  0]LogTexture: Default maximum texture size for cubemaps generated from long-lat sources has been changed from 512 to unlimited. In order to preserve old behaiour for '/Engine/MapTemplates/Sky/DaylightAmbientCubemap.DaylightAmbientCubemap', its maximum texture size has been explicitly set to 512.
[2022.10.08-20.53.22:526][  0]LogHMD: PokeAHoleMaterial loaded successfully
[2022.10.08-20.53.22:655][  0]LogMoviePlayer: Initializing movie player
[2022.10.08-20.53.22:771][  0]LogNiagaraDebuggerClient: Niagara Debugger Client Initialized | Session: 517C1E374DEE70994484EDB8C9B4F3D2 | Instance: F9EE1D5B492D682DC567A3B1D4364C40 (DESKTOP-FCE592K-1240).
[2022.10.08-20.53.22:793][  0]LogCollectionManager: Loaded 0 collections in 0.000864 seconds
[2022.10.08-20.53.22:796][  0]LogFileCache: Scanning file cache for directory 'C:/Users/jschw/Desktop/SchoolDocuments/CS 415/MP2/Saved/Collections/' took 0.00s
[2022.10.08-20.53.22:796][  0]LogFileCache: Scanning file cache for directory 'C:/Users/jschw/Desktop/SchoolDocuments/CS 415/MP2/Content/Developers/jschw/Collections/' took 0.00s
[2022.10.08-20.53.22:796][  0]LogFileCache: Scanning file cache for directory 'C:/Users/jschw/Desktop/SchoolDocuments/CS 415/MP2/Content/Collections/' took 0.00s
[2022.10.08-20.53.22:796][  0]LogCollectionManager: Fixed up redirectors for 0 collections in 0.000002 seconds (updated 0 objects)
[2022.10.08-20.53.22:816][  0]LogPython: Using Python 3.7.7
